<?xml version="1.0" encoding="UTF-8"?>
<!-- Generated by org.testng.reporters.JUnitReportReporter -->
<testsuite hostname="DESKTOP-3BU923C" failures="0" tests="3" name="com.Vtiger.TC_01_CreateOrganizationTest" time="26.534" errors="0" timestamp="2022-07-26T23:03:20 IST" skipped="3">
  <testcase classname="com.Vtiger.TC_01_CreateOrganizationTest" name="createOrg" time="7.429">
    <skipped/>
  </testcase> <!-- createOrg -->
  <system-out/>
  <testcase classname="com.Vtiger.TC_01_CreateOrganizationTest" name="createOrg" time="10.295">
    <skipped/>
  </testcase> <!-- createOrg -->
  <system-out/>
  <testcase classname="com.Vtiger.TC_01_CreateOrganizationTest" name="createOrg" time="8.810">
    <skipped/>
  </testcase> <!-- createOrg -->
  <system-out/>
</testsuite> <!-- com.Vtiger.TC_01_CreateOrganizationTest -->
