<?xml version="1.0" encoding="UTF-8"?>
<!-- Generated by org.testng.reporters.JUnitReportReporter -->
<testsuite hostname="DESKTOP-3BU923C" failures="0" tests="3" name="com.Vtiger.TC_03_CreateOrganization_DeleteTest" time="108.359" errors="0" timestamp="2022-08-02T14:33:46 IST" skipped="2">
  <testcase classname="com.Vtiger.TC_03_CreateOrganization_DeleteTest" name="Endtoend" time="31.528"/>
  <system-out/>
  <testcase classname="com.Vtiger.TC_03_CreateOrganization_DeleteTest" name="Endtoend" time="43.633">
    <skipped/>
  </testcase> <!-- Endtoend -->
  <system-out/>
  <testcase classname="com.Vtiger.TC_03_CreateOrganization_DeleteTest" name="Endtoend" time="33.198">
    <skipped/>
  </testcase> <!-- Endtoend -->
  <system-out/>
</testsuite> <!-- com.Vtiger.TC_03_CreateOrganization_DeleteTest -->
