<?xml version="1.0" encoding="UTF-8"?>
<!-- Generated by org.testng.reporters.JUnitReportReporter -->
<testsuite hostname="DESKTOP-3BU923C" failures="0" tests="1" name="com.Vtiger.TC_05_Create_Campaign_DeleteTest" time="23.659" errors="0" timestamp="2022-07-27T14:53:35 IST" skipped="0">
  <testcase classname="com.Vtiger.TC_05_Create_Campaign_DeleteTest" name="campaignTest" time="23.659"/>
  <system-out/>
</testsuite> <!-- com.Vtiger.TC_05_Create_Campaign_DeleteTest -->
