<?xml version="1.0" encoding="UTF-8"?>
<!-- Generated by org.testng.reporters.JUnitReportReporter -->
<testsuite hostname="DESKTOP-3BU923C" failures="0" tests="1" name="com.Vtiger.TC_01_CreateOrganizationTest" time="19.320" errors="0" timestamp="2022-07-25T13:24:01 IST" skipped="0">
  <testcase classname="com.Vtiger.TC_01_CreateOrganizationTest" name="createOrg" time="19.320"/>
  <system-out/>
</testsuite> <!-- com.Vtiger.TC_01_CreateOrganizationTest -->
