<?xml version="1.0" encoding="UTF-8"?>
<!-- Generated by org.testng.reporters.JUnitReportReporter -->
<testsuite hostname="DESKTOP-3BU923C" failures="0" tests="3" name="com.Vtiger.TC_03_CreateOrganization_DeleteTest" time="135.785" errors="0" timestamp="2022-07-26T22:58:05 IST" skipped="2">
  <testcase classname="com.Vtiger.TC_03_CreateOrganization_DeleteTest" name="Endtoend" time="41.814">
    <skipped/>
  </testcase> <!-- Endtoend -->
  <system-out/>
  <testcase classname="com.Vtiger.TC_03_CreateOrganization_DeleteTest" name="Endtoend" time="41.388"/>
  <system-out/>
  <testcase classname="com.Vtiger.TC_03_CreateOrganization_DeleteTest" name="Endtoend" time="52.583">
    <skipped/>
  </testcase> <!-- Endtoend -->
  <system-out/>
</testsuite> <!-- com.Vtiger.TC_03_CreateOrganization_DeleteTest -->
