<?xml version="1.0" encoding="UTF-8"?>
<!-- Generated by org.testng.reporters.JUnitReportReporter -->
<testsuite hostname="DESKTOP-3BU923C" failures="0" tests="1" name="com.Vtiger.TC_05_Create_Campaign_DeleteTest" time="68.613" errors="0" timestamp="2022-08-13T20:50:38 IST" skipped="0">
  <testcase classname="com.Vtiger.TC_05_Create_Campaign_DeleteTest" name="campaignTest" time="68.613"/>
  <system-out/>
</testsuite> <!-- com.Vtiger.TC_05_Create_Campaign_DeleteTest -->
