<?xml version="1.0" encoding="UTF-8"?>
<!-- Generated by org.testng.reporters.JUnitReportReporter -->
<testsuite hostname="DESKTOP-3BU923C" failures="0" tests="1" name="com.Vtiger.timeepass" time="0.003" errors="0" timestamp="2022-07-24T19:29:07 IST" skipped="0">
  <testcase classname="com.Vtiger.timeepass" name="tt" time="0.003"/>
  <system-out/>
</testsuite> <!-- com.Vtiger.timeepass -->
