<?xml version="1.0" encoding="UTF-8"?>
<!-- Generated by org.testng.reporters.JUnitReportReporter -->
<testsuite hostname="DESKTOP-3BU923C" failures="0" tests="1" name="com.Vtiger.TC_06_CreateContact_VerifyTest" time="22.957" errors="0" timestamp="2022-07-26T22:58:05 IST" skipped="0">
  <testcase classname="com.Vtiger.TC_06_CreateContact_VerifyTest" name="createcontactTest" time="22.957"/>
  <system-out/>
</testsuite> <!-- com.Vtiger.TC_06_CreateContact_VerifyTest -->
