<?xml version="1.0" encoding="UTF-8"?>
<!-- Generated by org.testng.reporters.JUnitReportReporter -->
<testsuite hostname="DESKTOP-3BU923C" failures="0" tests="1" name="com.Vtiger.TC_05_Create_Campaign_DeleteTest" time="20.783" errors="0" timestamp="2022-07-28T17:36:38 IST" skipped="0">
  <testcase classname="com.Vtiger.TC_05_Create_Campaign_DeleteTest" name="campaignTest" time="20.783"/>
  <system-out/>
</testsuite> <!-- com.Vtiger.TC_05_Create_Campaign_DeleteTest -->
