<?xml version="1.0" encoding="UTF-8"?>
<!-- Generated by org.testng.reporters.JUnitReportReporter -->
<testsuite hostname="DESKTOP-3BU923C" failures="0" tests="1" name="com.Vtiger.TC_02_CreateOrganization_verifyTest" time="21.780" errors="0" timestamp="2022-07-26T23:03:20 IST" skipped="0">
  <testcase classname="com.Vtiger.TC_02_CreateOrganization_verifyTest" name="createOrganization" time="21.780"/>
  <system-out/>
</testsuite> <!-- com.Vtiger.TC_02_CreateOrganization_verifyTest -->
