<?xml version="1.0" encoding="UTF-8"?>
<!-- Generated by org.testng.reporters.JUnitReportReporter -->
<testsuite hostname="DESKTOP-3BU923C" failures="0" tests="2" name="com.Vtiger.TC_03_CreateOrganization_DeleteTest" time="97.445" errors="0" timestamp="2022-07-27T14:53:35 IST" skipped="1">
  <testcase classname="com.Vtiger.TC_03_CreateOrganization_DeleteTest" name="Endtoend" time="41.182"/>
  <system-out/>
  <testcase classname="com.Vtiger.TC_03_CreateOrganization_DeleteTest" name="Endtoend" time="56.263">
    <skipped/>
  </testcase> <!-- Endtoend -->
  <system-out/>
</testsuite> <!-- com.Vtiger.TC_03_CreateOrganization_DeleteTest -->
