<?xml version="1.0" encoding="UTF-8"?>
<!-- Generated by org.testng.reporters.JUnitReportReporter -->
<testsuite hostname="DESKTOP-3BU923C" failures="0" tests="1" name="com.Vtiger.TC_04_Select_All_CheckBoxTest" time="18.858" errors="0" timestamp="2022-07-28T17:03:43 IST" skipped="0">
  <testcase classname="com.Vtiger.TC_04_Select_All_CheckBoxTest" name="selectallTest" time="18.858"/>
  <system-out/>
</testsuite> <!-- com.Vtiger.TC_04_Select_All_CheckBoxTest -->
